Rule number:222
Rules:
000=>0
001=>1
010=>1
011=>1
100=>1
101=>0
110=>1
111=>1
                                        *                                       
                                       ***                                      
                                      *****                                     
                                     *******                                    
                                    *********                                   
                                   ***********                                  
                                  *************                                 
                                 ***************                                
                                *****************                               
                               *******************                              
                              *********************                             
                             ***********************                            
                            *************************                           
                           ***************************                          
                          *****************************                         
                         *******************************                        
                        *********************************                       
                       ***********************************                      
                      *************************************                     
                     ***************************************                    
                    *****************************************                   
                   *******************************************                  
                  *********************************************                 
                 ***********************************************                
                *************************************************               
               ***************************************************              
              *****************************************************             
             *******************************************************            
            *********************************************************           
           ***********************************************************          
          *************************************************************         
         ***************************************************************        
        *****************************************************************       
       *******************************************************************      
      *********************************************************************     
     ***********************************************************************    
    *************************************************************************   
   ***************************************************************************  
  ***************************************************************************** 
 ****************************************************************************** 
 ****************************************************************************** 
